2008-07-08 10:00:48 r168 Python 2.5 G:\Frase do Dia\Frase do dia.pyw
2008-07-08 10:29:12 r273 Python 2.5 frasedodia.py
2008-07-08 10:29:55 r273 Python 2.5 G:\Frase do Dia\code\frasedodia.py
2008-07-08 10:31:46 r273 Python 2.5 frasedodia.py
2008-07-08 11:47:21 r5660 (wikipedia.py) Python 2.5 G:\Frase do Dia\frasedodia.py
2008-07-08 12:15:41 r5660 (wikipedia.py) Python 2.5 G:\Frase do Dia\frasedodia.py
2008-07-08 12:18:01 r5660 (wikipedia.py) Python 2.5 G:\Frase do Dia\frasedodia.py
2008-07-08 12:19:47 r5660 (wikipedia.py) Python 2.5 G:\Frase do Dia\frasedodia.py
2008-07-08 12:30:21 r5660 (wikipedia.py) Python 2.5 G:\Frase do Dia\Frase do Dia.pyw
2008-07-08 12:38:33 r5660 (wikipedia.py) Python 2.5 G:\Frase do Dia\main.py
2008-07-08 12:38:51 r5660 (wikipedia.py) Python 2.5 G:\Frase do Dia\Frase do Dia.pyw
2008-07-08 12:39:07 r5660 (wikipedia.py) Python 2.5 G:\Frase do Dia\Frase do Dia.pyw
2008-07-08 12:39:36 r5660 (wikipedia.py) Python 2.5 G:\Frase do Dia\Frase do Dia.pyw
2008-07-08 12:40:31 r5660 (wikipedia.py) Python 2.5 G:\Frase do Dia\Frase do Dia.pyw
2008-07-08 12:42:14 r5660 (wikipedia.py) Python 2.5 G:\Frase do Dia\main.py
2008-07-08 12:48:10 r5660 (wikipedia.py) Python 2.5 G:\Frase do Dia\Frase do Dia.pyw
2008-07-08 12:49:14 r5660 (wikipedia.py) Python 2.5 G:\Frase do Dia\Frase do Dia.pyw
2008-07-08 12:49:31 r5660 (wikipedia.py) Python 2.5 G:\Frase do Dia\Frase do Dia.pyw
2008-07-08 12:51:50 r5660 (wikipedia.py) Python 2.5 G:\Frase do Dia\Frase do Dia.pyw
2008-07-08 12:53:32 r5660 (wikipedia.py) Python 2.5 G:\Frase do Dia\Frase do Dia.pyw
2008-07-08 16:20:53 r5660 (wikipedia.py) Python 2.5 E:\Frase do Dia\Frase do Dia.pyw
2008-07-08 16:29:09 r278 Python 2.5 E:\Frase do Dia\Frase do Dia.pyw
2008-07-08 16:29:40 r278 Python 2.5 E:\Frase do Dia\Frase do Dia.pyw
